<?xml version="1.0" encoding="UTF-8"?>
<testsuites name="TestSuite1" time="25" tests="1" failures="0" errors="1">
   <testsuite name="TestSuite1" tests="1" failures="0" errors="1" time="25" timestamp="2019-02-13 21:30:17" hostname="Administrator - ip-172-20-128-1.ec2.internal" id="Test Suites/Day2/TestSuite1">
      <properties>
         <property name="deviceName" value=""/>
         <property name="devicePlatform" value=""/>
         <property name="logFolder" value="C:\\Users\\Administrator\\Katalon Studio\\DemoProject1\\Reports\\Day2\\TestSuite1\\20190213_213015"/>
         <property name="logFiles" value="C:\\Users\\Administrator\\Katalon Studio\\DemoProject1\\Reports\\Day2\\TestSuite1\\20190213_213015\\execution0.log"/>
         <property name="attachments" value=""/>
         <property name="hostName" value="Administrator - ip-172-20-128-1.ec2.internal"/>
         <property name="os" value="Windows Server 2016 64bit"/>
         <property name="katalonVersion" value="5.10.1.1"/>
         <property name="browser" value="Chrome 71.0.3578.98"/>
         <property name="hostAddress" value="172.20.128.1"/>
         <property name="sessionId" value="88eae43effe0ae8c86ab6872f7b5c03c"/>
         <property name="seleniumVersion" value="3.7.1"/>
         <property name="proxyInformation" value="ProxyInformation{proxyOption=USE_SYSTEM, proxyServerType=HTTP, password=, proxyServerAddress=, proxyServerPort=0}"/>
         <property name="platform" value="Windows Server 2016"/>
      </properties>
      <testcase name="Test Cases/Day2/Test1" classname="Test Cases/Day2/Test1" status="PASSED">
         <system-out><![CDATA[2019-02-13 21:30:18 - [TEST_CASE][PASSED] - Test Cases/Day2/Test1: Test Cases/Day2/Test1

2019-02-13 21:30:18 - [TEST_STEP][PASSED] - openBrowser(""): Browser is opened with url: ''

2019-02-13 21:30:19 - [MESSAGE][INFO] - Starting 'Chrome' driver

2019-02-13 21:30:19 - [MESSAGE][INFO] - Action delay is set to 0 seconds

2019-02-13 21:30:22 - [MESSAGE][PASSED] - Browser is opened with url: ''

2019-02-13 21:30:22 - [TEST_STEP][PASSED] - navigateToUrl("https://opensource-demo.orangehrmlive.com/login"): Navigate to 'https://opensource-demo.orangehrmlive.com/login' successfully

2019-02-13 21:30:22 - [MESSAGE][PASSED] - Navigate to 'https://opensource-demo.orangehrmlive.com/login' successfully

2019-02-13 21:30:22 - [TEST_STEP][PASSED] - click(findTestObject("Page_OrangeHRM/span_Username")): Object: 'Object Repository/Page_OrangeHRM/span_Username' is clicked on

2019-02-13 21:30:22 - [MESSAGE][PASSED] - Object: 'Object Repository/Page_OrangeHRM/span_Username' is clicked on

2019-02-13 21:30:22 - [TEST_STEP][PASSED] - setText(findTestObject("Page_OrangeHRM/input_LOGIN Panel_txtUsername"), "Admin"): Text 'Admin' is set on object 'Object Repository/Page_OrangeHRM/input_LOGIN Panel_txtUsername'

2019-02-13 21:30:23 - [MESSAGE][PASSED] - Text 'Admin' is set on object 'Object Repository/Page_OrangeHRM/input_LOGIN Panel_txtUsername'

2019-02-13 21:30:23 - [TEST_STEP][PASSED] - setEncryptedText(findTestObject("Page_OrangeHRM/input_Username_txtPassword"), "hUKwJTbofgPU9eVlw/CnDQ=="): Text ****** has been set on object 'Object Repository/Page_OrangeHRM/input_Username_txtPassword'

2019-02-13 21:30:23 - [MESSAGE][PASSED] - Text ****** has been set on object 'Object Repository/Page_OrangeHRM/input_Username_txtPassword'

2019-02-13 21:30:23 - [TEST_STEP][PASSED] - click(findTestObject("Page_OrangeHRM/input_Password_Submit")): Object: 'Object Repository/Page_OrangeHRM/input_Password_Submit' is clicked on

2019-02-13 21:30:24 - [MESSAGE][PASSED] - Object: 'Object Repository/Page_OrangeHRM/input_Password_Submit' is clicked on

2019-02-13 21:30:24 - [TEST_STEP][PASSED] - click(findTestObject("Page_OrangeHRM/b_Admin")): Object: 'Object Repository/Page_OrangeHRM/b_Admin' is clicked on

2019-02-13 21:30:24 - [MESSAGE][PASSED] - Object: 'Object Repository/Page_OrangeHRM/b_Admin' is clicked on

2019-02-13 21:30:24 - [TEST_STEP][PASSED] - setText(findTestObject("Page_OrangeHRM/input_Username_searchSystemUse"), "Admin"): Text 'Admin' is set on object 'Object Repository/Page_OrangeHRM/input_Username_searchSystemUse'

2019-02-13 21:30:24 - [MESSAGE][PASSED] - Text 'Admin' is set on object 'Object Repository/Page_OrangeHRM/input_Username_searchSystemUse'

2019-02-13 21:30:24 - [TEST_STEP][PASSED] - click(findTestObject("Page_OrangeHRM/input_Status__search")): Object: 'Object Repository/Page_OrangeHRM/input_Status__search' is clicked on

2019-02-13 21:30:25 - [MESSAGE][PASSED] - Object: 'Object Repository/Page_OrangeHRM/input_Status__search' is clicked on

2019-02-13 21:30:25 - [TEST_STEP][PASSED] - click(findTestObject("Page_OrangeHRM/b_Leave")): Object: 'Object Repository/Page_OrangeHRM/b_Leave' is clicked on

2019-02-13 21:30:25 - [MESSAGE][PASSED] - Object: 'Object Repository/Page_OrangeHRM/b_Leave' is clicked on

2019-02-13 21:30:25 - [TEST_STEP][PASSED] - click(findTestObject("Page_OrangeHRM/b_Dashboard")): Object: 'Object Repository/Page_OrangeHRM/b_Dashboard' is clicked on

2019-02-13 21:30:26 - [MESSAGE][PASSED] - Object: 'Object Repository/Page_OrangeHRM/b_Dashboard' is clicked on

2019-02-13 21:30:26 - [TEST_STEP][PASSED] - click(findTestObject("Page_OrangeHRM/b_Maintenance")): Object: 'Object Repository/Page_OrangeHRM/b_Maintenance' is clicked on

2019-02-13 21:30:26 - [MESSAGE][PASSED] - Object: 'Object Repository/Page_OrangeHRM/b_Maintenance' is clicked on

2019-02-13 21:30:26 - [TEST_STEP][PASSED] - click(findTestObject("Page_OrangeHRM/a_Welcome Admin")): Object: 'Object Repository/Page_OrangeHRM/a_Welcome Admin' is clicked on

2019-02-13 21:30:26 - [MESSAGE][PASSED] - Object: 'Object Repository/Page_OrangeHRM/a_Welcome Admin' is clicked on

2019-02-13 21:30:26 - [TEST_STEP][PASSED] - verifyElementPresent(findTestObject("Page_OrangeHRM/a_Logout"), 5): Object 'Object Repository/Page_OrangeHRM/a_Logout' is present

2019-02-13 21:30:26 - [MESSAGE][PASSED] - Object 'Object Repository/Page_OrangeHRM/a_Logout' is present

2019-02-13 21:30:26 - [TEST_STEP][PASSED] - click(findTestObject("Page_OrangeHRM/a_Logout")): Object: 'Object Repository/Page_OrangeHRM/a_Logout' is clicked on

2019-02-13 21:30:26 - [MESSAGE][PASSED] - Object: 'Object Repository/Page_OrangeHRM/a_Logout' is clicked on

2019-02-13 21:30:26 - [TEST_STEP][PASSED] - closeBrowser(): Browser is closed

2019-02-13 21:30:27 - [MESSAGE][PASSED] - Browser is closed]]></system-out>
         <system-err><![CDATA[]]></system-err>
      </testcase>
      <testcase name="Test Cases/Day2/Test2" classname="Test Cases/Day2/Test2" status="ERROR">
         <error type="ERROR" message="Test Cases/Day2/Test2 FAILED.
Reason:
groovy.lang.MissingPropertyException: No such property: Keys for class: Script1550067276256
	at Test2.run(Test2:30)
	at com.kms.katalon.core.main.ScriptEngine.run(ScriptEngine.java:194)
	at com.kms.katalon.core.main.ScriptEngine.runScriptAsRawText(ScriptEngine.java:119)
	at com.kms.katalon.core.main.TestCaseExecutor.runScript(TestCaseExecutor.java:328)
	at com.kms.katalon.core.main.TestCaseExecutor.doExecute(TestCaseExecutor.java:319)
	at com.kms.katalon.core.main.TestCaseExecutor.processExecutionPhase(TestCaseExecutor.java:298)
	at com.kms.katalon.core.main.TestCaseExecutor.accessMainPhase(TestCaseExecutor.java:290)
	at com.kms.katalon.core.main.TestCaseExecutor.execute(TestCaseExecutor.java:224)
	at com.kms.katalon.core.main.TestSuiteExecutor.accessTestCaseMainPhase(TestSuiteExecutor.java:129)
	at com.kms.katalon.core.main.TestSuiteExecutor.accessTestSuiteMainPhase(TestSuiteExecutor.java:112)
	at com.kms.katalon.core.main.TestSuiteExecutor.execute(TestSuiteExecutor.java:81)
	at com.kms.katalon.core.main.TestCaseMain.startTestSuite(TestCaseMain.java:149)
	at com.kms.katalon.core.main.TestCaseMain$startTestSuite$0.call(Unknown Source)
	at TempTestSuite1550073615414.run(TempTestSuite1550073615414.groovy:36)
"/>
         <system-out><![CDATA[2019-02-13 21:30:27 - [TEST_CASE][ERROR] - Test Cases/Day2/Test2: Test Cases/Day2/Test2 FAILED.
Reason:
groovy.lang.MissingPropertyException: No such property: Keys for class: Script1550067276256
	at Test2.run(Test2:30)
	at com.kms.katalon.core.main.ScriptEngine.run(ScriptEngine.java:194)
	at com.kms.katalon.core.main.ScriptEngine.runScriptAsRawText(ScriptEngine.java:119)
	at com.kms.katalon.core.main.TestCaseExecutor.runScript(TestCaseExecutor.java:328)
	at com.kms.katalon.core.main.TestCaseExecutor.doExecute(TestCaseExecutor.java:319)
	at com.kms.katalon.core.main.TestCaseExecutor.processExecutionPhase(TestCaseExecutor.java:298)
	at com.kms.katalon.core.main.TestCaseExecutor.accessMainPhase(TestCaseExecutor.java:290)
	at com.kms.katalon.core.main.TestCaseExecutor.execute(TestCaseExecutor.java:224)
	at com.kms.katalon.core.main.TestSuiteExecutor.accessTestCaseMainPhase(TestSuiteExecutor.java:129)
	at com.kms.katalon.core.main.TestSuiteExecutor.accessTestSuiteMainPhase(TestSuiteExecutor.java:112)
	at com.kms.katalon.core.main.TestSuiteExecutor.execute(TestSuiteExecutor.java:81)
	at com.kms.katalon.core.main.TestCaseMain.startTestSuite(TestCaseMain.java:149)
	at com.kms.katalon.core.main.TestCaseMain$startTestSuite$0.call(Unknown Source)
	at TempTestSuite1550073615414.run(TempTestSuite1550073615414.groovy:36)


2019-02-13 21:30:27 - [TEST_STEP][PASSED] - openBrowser(""): Browser is opened with url: ''

2019-02-13 21:30:27 - [MESSAGE][INFO] - Starting 'Chrome' driver

2019-02-13 21:30:30 - [MESSAGE][PASSED] - Browser is opened with url: ''

2019-02-13 21:30:30 - [TEST_STEP][PASSED] - navigateToUrl("http://lifecharger.org/"): Navigate to 'http://lifecharger.org/' successfully

2019-02-13 21:30:32 - [MESSAGE][PASSED] - Navigate to 'http://lifecharger.org/' successfully

2019-02-13 21:30:32 - [TEST_STEP][PASSED] - click(findTestObject("Page_Life Charger   a new beginning/a_Break It Win It")): Object: 'Object Repository/Page_Life Charger   a new beginning/a_Break It Win It' is clicked on

2019-02-13 21:30:34 - [MESSAGE][PASSED] - Object: 'Object Repository/Page_Life Charger   a new beginning/a_Break It Win It' is clicked on

2019-02-13 21:30:34 - [TEST_STEP][PASSED] - click(findTestObject("Object Repository/Page_Break It Win It  Life Charger/a_Home")): Object: 'Object Repository/Page_Break It Win It  Life Charger/a_Home' is clicked on

2019-02-13 21:30:36 - [MESSAGE][PASSED] - Object: 'Object Repository/Page_Break It Win It  Life Charger/a_Home' is clicked on

2019-02-13 21:30:36 - [TEST_STEP][PASSED] - click(findTestObject("Page_Life Charger   a new beginning/a_Archives")): Object: 'Object Repository/Page_Life Charger   a new beginning/a_Archives' is clicked on

2019-02-13 21:30:38 - [MESSAGE][PASSED] - Object: 'Object Repository/Page_Life Charger   a new beginning/a_Archives' is clicked on

2019-02-13 21:30:38 - [TEST_STEP][PASSED] - click(findTestObject("Object Repository/Page_Archives  Life Charger/h1_Life Charger")): Object: 'Object Repository/Page_Archives  Life Charger/h1_Life Charger' is clicked on

2019-02-13 21:30:42 - [MESSAGE][PASSED] - Object: 'Object Repository/Page_Archives  Life Charger/h1_Life Charger' is clicked on

2019-02-13 21:30:42 - [TEST_STEP][PASSED] - setText(findTestObject("Page_Life Charger   a new beginning/input_Search for_s"), "life"): Text 'life' is set on object 'Object Repository/Page_Life Charger   a new beginning/input_Search for_s'

2019-02-13 21:30:42 - [MESSAGE][PASSED] - Text 'life' is set on object 'Object Repository/Page_Life Charger   a new beginning/input_Search for_s'

2019-02-13 21:30:42 - [TEST_STEP][ERROR] - sendKeys(findTestObject("Page_Life Charger   a new beginning/input_Search for_s"), Keys.chord(ENTER)): sendKeys(findTestObject("Page_Life Charger   a new beginning/input_Search for_s"), Keys.chord(ENTER)) FAILED.
Reason:
groovy.lang.MissingPropertyException: No such property: Keys for class: Script1550067276256
	at Test2.run(Test2:30)
	at com.kms.katalon.core.main.ScriptEngine.run(ScriptEngine.java:194)
	at com.kms.katalon.core.main.ScriptEngine.runScriptAsRawText(ScriptEngine.java:119)
	at com.kms.katalon.core.main.TestCaseExecutor.runScript(TestCaseExecutor.java:328)
	at com.kms.katalon.core.main.TestCaseExecutor.doExecute(TestCaseExecutor.java:319)
	at com.kms.katalon.core.main.TestCaseExecutor.processExecutionPhase(TestCaseExecutor.java:298)
	at com.kms.katalon.core.main.TestCaseExecutor.accessMainPhase(TestCaseExecutor.java:290)
	at com.kms.katalon.core.main.TestCaseExecutor.execute(TestCaseExecutor.java:224)
	at com.kms.katalon.core.main.TestSuiteExecutor.accessTestCaseMainPhase(TestSuiteExecutor.java:129)
	at com.kms.katalon.core.main.TestSuiteExecutor.accessTestSuiteMainPhase(TestSuiteExecutor.java:112)
	at com.kms.katalon.core.main.TestSuiteExecutor.execute(TestSuiteExecutor.java:81)
	at com.kms.katalon.core.main.TestCaseMain.startTestSuite(TestCaseMain.java:149)
	at com.kms.katalon.core.main.TestCaseMain$startTestSuite$0.call(Unknown Source)
	at TempTestSuite1550073615414.run(TempTestSuite1550073615414.groovy:36)


2019-02-13 21:30:42 - [MESSAGE][ERROR] - sendKeys(findTestObject("Page_Life Charger   a new beginning/input_Search for_s"), Keys.chord(ENTER)) FAILED.
Reason:
groovy.lang.MissingPropertyException: No such property: Keys for class: Script1550067276256
	at Test2.run(Test2:30)
	at com.kms.katalon.core.main.ScriptEngine.run(ScriptEngine.java:194)
	at com.kms.katalon.core.main.ScriptEngine.runScriptAsRawText(ScriptEngine.java:119)
	at com.kms.katalon.core.main.TestCaseExecutor.runScript(TestCaseExecutor.java:328)
	at com.kms.katalon.core.main.TestCaseExecutor.doExecute(TestCaseExecutor.java:319)
	at com.kms.katalon.core.main.TestCaseExecutor.processExecutionPhase(TestCaseExecutor.java:298)
	at com.kms.katalon.core.main.TestCaseExecutor.accessMainPhase(TestCaseExecutor.java:290)
	at com.kms.katalon.core.main.TestCaseExecutor.execute(TestCaseExecutor.java:224)
	at com.kms.katalon.core.main.TestSuiteExecutor.accessTestCaseMainPhase(TestSuiteExecutor.java:129)
	at com.kms.katalon.core.main.TestSuiteExecutor.accessTestSuiteMainPhase(TestSuiteExecutor.java:112)
	at com.kms.katalon.core.main.TestSuiteExecutor.execute(TestSuiteExecutor.java:81)
	at com.kms.katalon.core.main.TestCaseMain.startTestSuite(TestCaseMain.java:149)
	at com.kms.katalon.core.main.TestCaseMain$startTestSuite$0.call(Unknown Source)
	at TempTestSuite1550073615414.run(TempTestSuite1550073615414.groovy:36)]]></system-out>
         <system-err><![CDATA[2019-02-13 21:30:27 - [TEST_CASE][ERROR] - Test Cases/Day2/Test2: Test Cases/Day2/Test2 FAILED.
Reason:
groovy.lang.MissingPropertyException: No such property: Keys for class: Script1550067276256
	at Test2.run(Test2:30)
	at com.kms.katalon.core.main.ScriptEngine.run(ScriptEngine.java:194)
	at com.kms.katalon.core.main.ScriptEngine.runScriptAsRawText(ScriptEngine.java:119)
	at com.kms.katalon.core.main.TestCaseExecutor.runScript(TestCaseExecutor.java:328)
	at com.kms.katalon.core.main.TestCaseExecutor.doExecute(TestCaseExecutor.java:319)
	at com.kms.katalon.core.main.TestCaseExecutor.processExecutionPhase(TestCaseExecutor.java:298)
	at com.kms.katalon.core.main.TestCaseExecutor.accessMainPhase(TestCaseExecutor.java:290)
	at com.kms.katalon.core.main.TestCaseExecutor.execute(TestCaseExecutor.java:224)
	at com.kms.katalon.core.main.TestSuiteExecutor.accessTestCaseMainPhase(TestSuiteExecutor.java:129)
	at com.kms.katalon.core.main.TestSuiteExecutor.accessTestSuiteMainPhase(TestSuiteExecutor.java:112)
	at com.kms.katalon.core.main.TestSuiteExecutor.execute(TestSuiteExecutor.java:81)
	at com.kms.katalon.core.main.TestCaseMain.startTestSuite(TestCaseMain.java:149)
	at com.kms.katalon.core.main.TestCaseMain$startTestSuite$0.call(Unknown Source)
	at TempTestSuite1550073615414.run(TempTestSuite1550073615414.groovy:36)]]></system-err>
      </testcase>
      <system-out><![CDATA[2019-02-13 21:30:17 - [TEST_SUITE][ERROR] - TestSuite1: Test Cases/Day2/Test2 FAILED.
Reason:
groovy.lang.MissingPropertyException: No such property: Keys for class: Script1550067276256
	at Test2.run(Test2:30)
	at com.kms.katalon.core.main.ScriptEngine.run(ScriptEngine.java:194)
	at com.kms.katalon.core.main.ScriptEngine.runScriptAsRawText(ScriptEngine.java:119)
	at com.kms.katalon.core.main.TestCaseExecutor.runScript(TestCaseExecutor.java:328)
	at com.kms.katalon.core.main.TestCaseExecutor.doExecute(TestCaseExecutor.java:319)
	at com.kms.katalon.core.main.TestCaseExecutor.processExecutionPhase(TestCaseExecutor.java:298)
	at com.kms.katalon.core.main.TestCaseExecutor.accessMainPhase(TestCaseExecutor.java:290)
	at com.kms.katalon.core.main.TestCaseExecutor.execute(TestCaseExecutor.java:224)
	at com.kms.katalon.core.main.TestSuiteExecutor.accessTestCaseMainPhase(TestSuiteExecutor.java:129)
	at com.kms.katalon.core.main.TestSuiteExecutor.accessTestSuiteMainPhase(TestSuiteExecutor.java:112)
	at com.kms.katalon.core.main.TestSuiteExecutor.execute(TestSuiteExecutor.java:81)
	at com.kms.katalon.core.main.TestCaseMain.startTestSuite(TestCaseMain.java:149)
	at com.kms.katalon.core.main.TestCaseMain$startTestSuite$0.call(Unknown Source)
	at TempTestSuite1550073615414.run(TempTestSuite1550073615414.groovy:36)]]></system-out>
      <system-err><![CDATA[2019-02-13 21:30:17 - [TEST_SUITE][ERROR] - TestSuite1: Test Cases/Day2/Test2 FAILED.
Reason:
groovy.lang.MissingPropertyException: No such property: Keys for class: Script1550067276256
	at Test2.run(Test2:30)
	at com.kms.katalon.core.main.ScriptEngine.run(ScriptEngine.java:194)
	at com.kms.katalon.core.main.ScriptEngine.runScriptAsRawText(ScriptEngine.java:119)
	at com.kms.katalon.core.main.TestCaseExecutor.runScript(TestCaseExecutor.java:328)
	at com.kms.katalon.core.main.TestCaseExecutor.doExecute(TestCaseExecutor.java:319)
	at com.kms.katalon.core.main.TestCaseExecutor.processExecutionPhase(TestCaseExecutor.java:298)
	at com.kms.katalon.core.main.TestCaseExecutor.accessMainPhase(TestCaseExecutor.java:290)
	at com.kms.katalon.core.main.TestCaseExecutor.execute(TestCaseExecutor.java:224)
	at com.kms.katalon.core.main.TestSuiteExecutor.accessTestCaseMainPhase(TestSuiteExecutor.java:129)
	at com.kms.katalon.core.main.TestSuiteExecutor.accessTestSuiteMainPhase(TestSuiteExecutor.java:112)
	at com.kms.katalon.core.main.TestSuiteExecutor.execute(TestSuiteExecutor.java:81)
	at com.kms.katalon.core.main.TestCaseMain.startTestSuite(TestCaseMain.java:149)
	at com.kms.katalon.core.main.TestCaseMain$startTestSuite$0.call(Unknown Source)
	at TempTestSuite1550073615414.run(TempTestSuite1550073615414.groovy:36)]]></system-err>
   </testsuite>
</testsuites>
